# JRE version: OpenJDK Runtime Environment Temurin-17.0.2+8 (17.0.2+8) (build 17.0.2+8)
# Java VM: OpenJDK 64-Bit Server VM Temurin-17.0.2+8 (17.0.2+8, mixed mode, tiered, compressed oops, compressed class ptrs, parallel gc, windows-amd64)
GC Precious Log:
 CPUs: 8 total, 8 available
 Memory: 8030M
 Large Page Support: Disabled
 NUMA Support: Disabled
 Compressed Oops: Enabled (32-bit)
 Alignments: Space 512K, Generation 512K, Heap 2M
 Heap Min Capacity: 100M
 Heap Initial Capacity: 100M
 Heap Max Capacity: 1G
 Pre-touch: Disabled
 Parallel Workers: 8
Heap:
 PSYoungGen      total 21504K, used 18376K [0x00000000eab00000, 0x00000000ec600000, 0x0000000100000000)
  eden space 19968K, 92% used [0x00000000eab00000,0x00000000ebcf2110,0x00000000ebe80000)
  from space 1536K, 0% used [0x00000000ec000000,0x00000000ec000000,0x00000000ec180000)
  to   space 2560K, 0% used [0x00000000ec380000,0x00000000ec380000,0x00000000ec600000)
 ParOldGen       total 68608K, used 22937K [0x00000000c0000000, 0x00000000c4300000, 0x00000000eab00000)
  object space 68608K, 33% used [0x00000000c0000000,0x00000000c16666a0,0x00000000c4300000)
 Metaspace       used 42079K, committed 42688K, reserved 1089536K
  class space    used 4242K, committed 4480K, reserved 1048576K
GC Heap History (20 events):
Event: 13.028 GC heap before
{Heap before GC invocations=4 (full 1):
 PSYoungGen      total 29696K, used 4093K [0x00000000eab00000, 0x00000000ecc00000, 0x0000000100000000)
  eden space 25600K, 0% used [0x00000000eab00000,0x00000000eab00000,0x00000000ec400000)
  from space 4096K, 99% used [0x00000000ec400000,0x00000000ec7ff400,0x00000000ec800000)
  to   space 4096K, 0% used [0x00000000ec800000,0x00000000ec800000,0x00000000ecc00000)
 ParOldGen       total 68608K, used 3925K [0x00000000c0000000, 0x00000000c4300000, 0x00000000eab00000)
  object space 68608K, 5% used [0x00000000c0000000,0x00000000c03d5528,0x00000000c4300000)
 Metaspace       used 21162K, committed 21504K, reserved 1073152K
  class space    used 2151K, committed 2304K, reserved 1048576K
}
Event: 13.065 GC heap after
{Heap after GC invocations=4 (full 1):
 PSYoungGen      total 29696K, used 0K [0x00000000eab00000, 0x00000000ecc00000, 0x0000000100000000)
  eden space 25600K, 0% used [0x00000000eab00000,0x00000000eab00000,0x00000000ec400000)
  from space 4096K, 0% used [0x00000000ec400000,0x00000000ec400000,0x00000000ec800000)
  to   space 4096K, 0% used [0x00000000ec800000,0x00000000ec800000,0x00000000ecc00000)
 ParOldGen       total 68608K, used 7829K [0x00000000c0000000, 0x00000000c4300000, 0x00000000eab00000)
  object space 68608K, 11% used [0x00000000c0000000,0x00000000c07a55f8,0x00000000c4300000)
 Metaspace       used 21162K, committed 21504K, reserved 1073152K
  class space    used 2151K, committed 2304K, reserved 1048576K
}
Event: 15.961 GC heap before
{Heap before GC invocations=5 (full 1):
 PSYoungGen      total 29696K, used 25600K [0x00000000eab00000, 0x00000000ecc00000, 0x0000000100000000)
  eden space 25600K, 100% used [0x00000000eab00000,0x00000000ec400000,0x00000000ec400000)
  from space 4096K, 0% used [0x00000000ec400000,0x00000000ec400000,0x00000000ec800000)
  to   space 4096K, 0% used [0x00000000ec800000,0x00000000ec800000,0x00000000ecc00000)
 ParOldGen       total 68608K, used 7829K [0x00000000c0000000, 0x00000000c4300000, 0x00000000eab00000)
  object space 68608K, 11% used [0x00000000c0000000,0x00000000c07a55f8,0x00000000c4300000)
 Metaspace       used 29133K, committed 29632K, reserved 1081344K
  class space    used 2885K, committed 3072K, reserved 1048576K
}
Event: 15.963 GC heap after
{Heap after GC invocations=5 (full 1):
 PSYoungGen      total 29696K, used 1499K [0x00000000eab00000, 0x00000000ecc00000, 0x0000000100000000)
  eden space 25600K, 0% used [0x00000000eab00000,0x00000000eab00000,0x00000000ec400000)
  from space 4096K, 36% used [0x00000000ec800000,0x00000000ec976f38,0x00000000ecc00000)
  to   space 4096K, 0% used [0x00000000ec400000,0x00000000ec400000,0x00000000ec800000)
 ParOldGen       total 68608K, used 7837K [0x00000000c0000000, 0x00000000c4300000, 0x00000000eab00000)
  object space 68608K, 11% used [0x00000000c0000000,0x00000000c07a75f8,0x00000000c4300000)
 Metaspace       used 29133K, committed 29632K, reserved 1081344K
  class space    used 2885K, committed 3072K, reserved 1048576K
}
Event: 19.691 GC heap before
{Heap before GC invocations=6 (full 1):
 PSYoungGen      total 29696K, used 27099K [0x00000000eab00000, 0x00000000ecc00000, 0x0000000100000000)
  eden space 25600K, 100% used [0x00000000eab00000,0x00000000ec400000,0x00000000ec400000)
  from space 4096K, 36% used [0x00000000ec800000,0x00000000ec976f38,0x00000000ecc00000)
  to   space 4096K, 0% used [0x00000000ec400000,0x00000000ec400000,0x00000000ec800000)
 ParOldGen       total 68608K, used 7837K [0x00000000c0000000, 0x00000000c4300000, 0x00000000eab00000)
  object space 68608K, 11% used [0x00000000c0000000,0x00000000c07a75f8,0x00000000c4300000)
 Metaspace       used 34464K, committed 35008K, reserved 1081344K
  class space    used 3489K, committed 3776K, reserved 1048576K
}
Event: 19.698 GC heap after
{Heap after GC invocations=6 (full 1):
 PSYoungGen      total 28672K, used 3515K [0x00000000eab00000, 0x00000000ecb80000, 0x0000000100000000)
  eden space 25088K, 0% used [0x00000000eab00000,0x00000000eab00000,0x00000000ec380000)
  from space 3584K, 98% used [0x00000000ec400000,0x00000000ec76ef78,0x00000000ec780000)
  to   space 4096K, 0% used [0x00000000ec780000,0x00000000ec780000,0x00000000ecb80000)
 ParOldGen       total 68608K, used 7845K [0x00000000c0000000, 0x00000000c4300000, 0x00000000eab00000)
  object space 68608K, 11% used [0x00000000c0000000,0x00000000c07a95f8,0x00000000c4300000)
 Metaspace       used 34464K, committed 35008K, reserved 1081344K
  class space    used 3489K, committed 3776K, reserved 1048576K
}
Event: 20.133 GC heap before
{Heap before GC invocations=7 (full 1):
 PSYoungGen      total 28672K, used 28603K [0x00000000eab00000, 0x00000000ecb80000, 0x0000000100000000)
  eden space 25088K, 100% used [0x00000000eab00000,0x00000000ec380000,0x00000000ec380000)
  from space 3584K, 98% used [0x00000000ec400000,0x00000000ec76ef78,0x00000000ec780000)
  to   space 4096K, 0% used [0x00000000ec780000,0x00000000ec780000,0x00000000ecb80000)
 ParOldGen       total 68608K, used 7845K [0x00000000c0000000, 0x00000000c4300000, 0x00000000eab00000)
  object space 68608K, 11% used [0x00000000c0000000,0x00000000c07a95f8,0x00000000c4300000)
 Metaspace       used 34771K, committed 35328K, reserved 1081344K
  class space    used 3528K, committed 3776K, reserved 1048576K
}
Event: 20.140 GC heap after
{Heap after GC invocations=7 (full 1):
 PSYoungGen      total 26624K, used 4075K [0x00000000eab00000, 0x00000000ed000000, 0x0000000100000000)
  eden space 22528K, 0% used [0x00000000eab00000,0x00000000eab00000,0x00000000ec100000)
  from space 4096K, 99% used [0x00000000ec780000,0x00000000ecb7af68,0x00000000ecb80000)
  to   space 6656K, 0% used [0x00000000ec100000,0x00000000ec100000,0x00000000ec780000)
 ParOldGen       total 68608K, used 9525K [0x00000000c0000000, 0x00000000c4300000, 0x00000000eab00000)
  object space 68608K, 13% used [0x00000000c0000000,0x00000000c094d5f8,0x00000000c4300000)
 Metaspace       used 34771K, committed 35328K, reserved 1081344K
  class space    used 3528K, committed 3776K, reserved 1048576K
}
Event: 20.512 GC heap before
{Heap before GC invocations=8 (full 1):
 PSYoungGen      total 26624K, used 26603K [0x00000000eab00000, 0x00000000ed000000, 0x0000000100000000)
  eden space 22528K, 100% used [0x00000000eab00000,0x00000000ec100000,0x00000000ec100000)
  from space 4096K, 99% used [0x00000000ec780000,0x00000000ecb7af68,0x00000000ecb80000)
  to   space 6656K, 0% used [0x00000000ec100000,0x00000000ec100000,0x00000000ec780000)
 ParOldGen       total 68608K, used 9525K [0x00000000c0000000, 0x00000000c4300000, 0x00000000eab00000)
  object space 68608K, 13% used [0x00000000c0000000,0x00000000c094d5f8,0x00000000c4300000)
 Metaspace       used 34869K, committed 35392K, reserved 1081344K
  class space    used 3532K, committed 3776K, reserved 1048576K
}
Event: 20.519 GC heap after
{Heap after GC invocations=8 (full 1):
 PSYoungGen      total 28672K, used 6331K [0x00000000eab00000, 0x00000000ecd80000, 0x0000000100000000)
  eden space 22016K, 0% used [0x00000000eab00000,0x00000000eab00000,0x00000000ec080000)
  from space 6656K, 95% used [0x00000000ec100000,0x00000000ec72ef78,0x00000000ec780000)
  to   space 6144K, 0% used [0x00000000ec780000,0x00000000ec780000,0x00000000ecd80000)
 ParOldGen       total 68608K, used 9525K [0x00000000c0000000, 0x00000000c4300000, 0x00000000eab00000)
  object space 68608K, 13% used [0x00000000c0000000,0x00000000c094d5f8,0x00000000c4300000)
 Metaspace       used 34869K, committed 35392K, reserved 1081344K
  class space    used 3532K, committed 3776K, reserved 1048576K
}
Event: 20.823 GC heap before
{Heap before GC invocations=9 (full 1):
 PSYoungGen      total 28672K, used 28347K [0x00000000eab00000, 0x00000000ecd80000, 0x0000000100000000)
  eden space 22016K, 100% used [0x00000000eab00000,0x00000000ec080000,0x00000000ec080000)
  from space 6656K, 95% used [0x00000000ec100000,0x00000000ec72ef78,0x00000000ec780000)
  to   space 6144K, 0% used [0x00000000ec780000,0x00000000ec780000,0x00000000ecd80000)
 ParOldGen       total 68608K, used 9525K [0x00000000c0000000, 0x00000000c4300000, 0x00000000eab00000)
  object space 68608K, 13% used [0x00000000c0000000,0x00000000c094d5f8,0x00000000c4300000)
 Metaspace       used 34907K, committed 35456K, reserved 1081344K
  class space    used 3542K, committed 3776K, reserved 1048576K
}
Event: 20.831 GC heap after
{Heap after GC invocations=9 (full 1):
 PSYoungGen      total 26112K, used 6128K [0x00000000eab00000, 0x00000000ed280000, 0x0000000100000000)
  eden space 19968K, 0% used [0x00000000eab00000,0x00000000eab00000,0x00000000ebe80000)
  from space 6144K, 99% used [0x00000000ec780000,0x00000000ecd7c020,0x00000000ecd80000)
  to   space 9216K, 0% used [0x00000000ebe80000,0x00000000ebe80000,0x00000000ec780000)
 ParOldGen       total 68608K, used 12067K [0x00000000c0000000, 0x00000000c4300000, 0x00000000eab00000)
  object space 68608K, 17% used [0x00000000c0000000,0x00000000c0bc8fe0,0x00000000c4300000)
 Metaspace       used 34907K, committed 35456K, reserved 1081344K
  class space    used 3542K, committed 3776K, reserved 1048576K
}
Event: 21.021 GC heap before
{Heap before GC invocations=10 (full 1):
 PSYoungGen      total 26112K, used 26096K [0x00000000eab00000, 0x00000000ed280000, 0x0000000100000000)
  eden space 19968K, 100% used [0x00000000eab00000,0x00000000ebe80000,0x00000000ebe80000)
  from space 6144K, 99% used [0x00000000ec780000,0x00000000ecd7c020,0x00000000ecd80000)
  to   space 9216K, 0% used [0x00000000ebe80000,0x00000000ebe80000,0x00000000ec780000)
 ParOldGen       total 68608K, used 12067K [0x00000000c0000000, 0x00000000c4300000, 0x00000000eab00000)
  object space 68608K, 17% used [0x00000000c0000000,0x00000000c0bc8fe0,0x00000000c4300000)
 Metaspace       used 34907K, committed 35456K, reserved 1081344K
  class space    used 3542K, committed 3776K, reserved 1048576K
}
Event: 21.028 GC heap after
{Heap after GC invocations=10 (full 1):
 PSYoungGen      total 26112K, used 6048K [0x00000000eab00000, 0x00000000ecc80000, 0x0000000100000000)
  eden space 19968K, 0% used [0x00000000eab00000,0x00000000eab00000,0x00000000ebe80000)
  from space 6144K, 98% used [0x00000000ebe80000,0x00000000ec468010,0x00000000ec480000)
  to   space 7168K, 0% used [0x00000000ec580000,0x00000000ec580000,0x00000000ecc80000)
 ParOldGen       total 68608K, used 14470K [0x00000000c0000000, 0x00000000c4300000, 0x00000000eab00000)
  object space 68608K, 21% used [0x00000000c0000000,0x00000000c0e21a38,0x00000000c4300000)
 Metaspace       used 34907K, committed 35456K, reserved 1081344K
  class space    used 3542K, committed 3776K, reserved 1048576K
}
Event: 21.222 GC heap before
{Heap before GC invocations=11 (full 1):
 PSYoungGen      total 26112K, used 26016K [0x00000000eab00000, 0x00000000ecc80000, 0x0000000100000000)
  eden space 19968K, 100% used [0x00000000eab00000,0x00000000ebe80000,0x00000000ebe80000)
  from space 6144K, 98% used [0x00000000ebe80000,0x00000000ec468010,0x00000000ec480000)
  to   space 7168K, 0% used [0x00000000ec580000,0x00000000ec580000,0x00000000ecc80000)
 ParOldGen       total 68608K, used 14470K [0x00000000c0000000, 0x00000000c4300000, 0x00000000eab00000)
  object space 68608K, 21% used [0x00000000c0000000,0x00000000c0e21a38,0x00000000c4300000)
 Metaspace       used 34907K, committed 35456K, reserved 1081344K
  class space    used 3542K, committed 3776K, reserved 1048576K
}
Event: 21.229 GC heap after
{Heap after GC invocations=11 (full 1):
 PSYoungGen      total 24576K, used 4160K [0x00000000eab00000, 0x00000000eca00000, 0x0000000100000000)
  eden space 19968K, 0% used [0x00000000eab00000,0x00000000eab00000,0x00000000ebe80000)
  from space 4608K, 90% used [0x00000000ec580000,0x00000000ec990010,0x00000000eca00000)
  to   space 5120K, 0% used [0x00000000ec000000,0x00000000ec000000,0x00000000ec500000)
 ParOldGen       total 68608K, used 18147K [0x00000000c0000000, 0x00000000c4300000, 0x00000000eab00000)
  object space 68608K, 26% used [0x00000000c0000000,0x00000000c11b8d90,0x00000000c4300000)
 Metaspace       used 34907K, committed 35456K, reserved 1081344K
  class space    used 3542K, committed 3776K, reserved 1048576K
}
Event: 21.365 GC heap before
{Heap before GC invocations=12 (full 1):
 PSYoungGen      total 24576K, used 8845K [0x00000000eab00000, 0x00000000eca00000, 0x0000000100000000)
  eden space 19968K, 23% used [0x00000000eab00000,0x00000000eaf93590,0x00000000ebe80000)
  from space 4608K, 90% used [0x00000000ec580000,0x00000000ec990010,0x00000000eca00000)
  to   space 5120K, 0% used [0x00000000ec000000,0x00000000ec000000,0x00000000ec500000)
 ParOldGen       total 68608K, used 18147K [0x00000000c0000000, 0x00000000c4300000, 0x00000000eab00000)
  object space 68608K, 26% used [0x00000000c0000000,0x00000000c11b8d90,0x00000000c4300000)
 Metaspace       used 35270K, committed 35840K, reserved 1081344K
  class space    used 3577K, committed 3840K, reserved 1048576K
}
Event: 21.372 GC heap after
{Heap after GC invocations=12 (full 1):
 PSYoungGen      total 21504K, used 1344K [0x00000000eab00000, 0x00000000ec600000, 0x0000000100000000)
  eden space 19968K, 0% used [0x00000000eab00000,0x00000000eab00000,0x00000000ebe80000)
  from space 1536K, 87% used [0x00000000ec000000,0x00000000ec150000,0x00000000ec180000)
  to   space 2560K, 0% used [0x00000000ec380000,0x00000000ec380000,0x00000000ec600000)
 ParOldGen       total 68608K, used 22265K [0x00000000c0000000, 0x00000000c4300000, 0x00000000eab00000)
  object space 68608K, 32% used [0x00000000c0000000,0x00000000c15be620,0x00000000c4300000)
 Metaspace       used 35270K, committed 35840K, reserved 1081344K
  class space    used 3577K, committed 3840K, reserved 1048576K
}
Event: 21.372 GC heap before
{Heap before GC invocations=13 (full 2):
 PSYoungGen      total 21504K, used 1344K [0x00000000eab00000, 0x00000000ec600000, 0x0000000100000000)
  eden space 19968K, 0% used [0x00000000eab00000,0x00000000eab00000,0x00000000ebe80000)
  from space 1536K, 87% used [0x00000000ec000000,0x00000000ec150000,0x00000000ec180000)
  to   space 2560K, 0% used [0x00000000ec380000,0x00000000ec380000,0x00000000ec600000)
 ParOldGen       total 68608K, used 22265K [0x00000000c0000000, 0x00000000c4300000, 0x00000000eab00000)
  object space 68608K, 32% used [0x00000000c0000000,0x00000000c15be620,0x00000000c4300000)
 Metaspace       used 35270K, committed 35840K, reserved 1081344K
  class space    used 3577K, committed 3840K, reserved 1048576K
}
Event: 21.447 GC heap after
{Heap after GC invocations=13 (full 2):
 PSYoungGen      total 21504K, used 0K [0x00000000eab00000, 0x00000000ec600000, 0x0000000100000000)
  eden space 19968K, 0% used [0x00000000eab00000,0x00000000eab00000,0x00000000ebe80000)
  from space 1536K, 0% used [0x00000000ec000000,0x00000000ec000000,0x00000000ec180000)
  to   space 2560K, 0% used [0x00000000ec380000,0x00000000ec380000,0x00000000ec600000)
 ParOldGen       total 68608K, used 22937K [0x00000000c0000000, 0x00000000c4300000, 0x00000000eab00000)
  object space 68608K, 33% used [0x00000000c0000000,0x00000000c16666a0,0x00000000c4300000)
 Metaspace       used 35270K, committed 35840K, reserved 1081344K
  class space    used 3577K, committed 3840K, reserved 1048576K
}

